2025-11-21 13:11:11,025 - BinanceBot - ERROR - Could not start the bot. Error: BinanceRequestException: Invalid Response: 
2025-11-21 18:50:34,680 - BinanceBot - ERROR - Could not start the bot. Error: BinanceRequestException: Invalid Response: 
2025-11-21 20:51:11,271 - BinanceBot - INFO - SUCCESS: Connected to Binance USDT-M Futures Testnet
2025-11-21 20:51:11,291 - BinanceBot - INFO - Placing market BUY order for 0.001 BTCUSDT...
2025-11-21 20:51:11,512 - BinanceBot - ERROR - ERROR placing market order: APIError(code=-4164): Order's notional must be no smaller than 100 (unless you choose reduce only).
2025-11-21 20:51:49,607 - BinanceBot - INFO - SUCCESS: Connected to Binance USDT-M Futures Testnet
2025-11-21 20:51:49,626 - BinanceBot - INFO - SUCCESS: Connected to Binance USDT-M Futures Testnet
2025-11-21 20:51:49,628 - BinanceBot - INFO - Placing market BUY order for 0.002 BTCUSDT...
2025-11-21 20:51:49,608 - BinanceBot - INFO - SUCCESS: Connected to Binance USDT-M Futures Testnet
2025-11-21 20:51:49,626 - BinanceBot - INFO - Placing market BUY order for 0.002 BTCUSDT...
2025-11-21 20:51:49,633 - BinanceBot - INFO - Placing market BUY order for 0.002 BTCUSDT...
2025-11-21 20:51:50,082 - BinanceBot - INFO - SUCCESS: Market order placed: {'orderId': 10513926675, 'symbol': 'BTCUSDT', 'status': 'NEW', 'clientOrderId': 'x-Cb7ytekJ273e832ce38670987ba216', 'price': '0.00', 'avgPrice': '0.00', 'origQty': '0.002', 'executedQty': '0.000', 'cumQty': '0.000', 'cumQuote': '0.00000', 'timeInForce': 'GTC', 'type': 'MARKET', 'reduceOnly': False, 'closePosition': False, 'side': 'BUY', 'positionSide': 'BOTH', 'stopPrice': '0.00', 'workingType': 'CONTRACT_PRICE', 'priceProtect': False, 'origType': 'MARKET', 'priceMatch': 'NONE', 'selfTradePreventionMode': 'EXPIRE_MAKER', 'goodTillDate': 0, 'updateTime': 1763738509750}
2025-11-21 20:51:50,083 - BinanceBot - INFO - SUCCESS: Market order placed: {'orderId': 10513926676, 'symbol': 'BTCUSDT', 'status': 'NEW', 'clientOrderId': 'x-Cb7ytekJ42d194d2144b5426f9f63c', 'price': '0.00', 'avgPrice': '0.00', 'origQty': '0.002', 'executedQty': '0.000', 'cumQty': '0.000', 'cumQuote': '0.00000', 'timeInForce': 'GTC', 'type': 'MARKET', 'reduceOnly': False, 'closePosition': False, 'side': 'BUY', 'positionSide': 'BOTH', 'stopPrice': '0.00', 'workingType': 'CONTRACT_PRICE', 'priceProtect': False, 'origType': 'MARKET', 'priceMatch': 'NONE', 'selfTradePreventionMode': 'EXPIRE_MAKER', 'goodTillDate': 0, 'updateTime': 1763738509752}
2025-11-21 20:51:50,449 - BinanceBot - INFO - SUCCESS: Market order placed: {'orderId': 10513926677, 'symbol': 'BTCUSDT', 'status': 'NEW', 'clientOrderId': 'x-Cb7ytekJb4557cb71103beb405c1ce', 'price': '0.00', 'avgPrice': '0.00', 'origQty': '0.002', 'executedQty': '0.000', 'cumQty': '0.000', 'cumQuote': '0.00000', 'timeInForce': 'GTC', 'type': 'MARKET', 'reduceOnly': False, 'closePosition': False, 'side': 'BUY', 'positionSide': 'BOTH', 'stopPrice': '0.00', 'workingType': 'CONTRACT_PRICE', 'priceProtect': False, 'origType': 'MARKET', 'priceMatch': 'NONE', 'selfTradePreventionMode': 'EXPIRE_MAKER', 'goodTillDate': 0, 'updateTime': 1763738509780}
2025-11-21 20:52:59,420 - BinanceBot - ERROR - Unexpected error: HTTPSConnectionPool(host='testnet.binancefuture.com', port=443): Read timed out. (read timeout=10)
2025-11-21 20:52:59,424 - BinanceBot - ERROR - Unexpected error: HTTPSConnectionPool(host='testnet.binancefuture.com', port=443): Read timed out. (read timeout=10)
2025-11-21 20:53:13,735 - BinanceBot - INFO - SUCCESS: Connected to Binance USDT-M Futures Testnet
2025-11-21 20:53:13,737 - BinanceBot - INFO - Placing market SELL order for 0.002 BTCUSDT...
2025-11-21 20:53:13,965 - BinanceBot - INFO - SUCCESS: Market order placed: {'orderId': 10513950703, 'symbol': 'BTCUSDT', 'status': 'NEW', 'clientOrderId': 'x-Cb7ytekJ9d1350d34752aa953ba8b0', 'price': '0.00', 'avgPrice': '0.00', 'origQty': '0.002', 'executedQty': '0.000', 'cumQty': '0.000', 'cumQuote': '0.00000', 'timeInForce': 'GTC', 'type': 'MARKET', 'reduceOnly': False, 'closePosition': False, 'side': 'SELL', 'positionSide': 'BOTH', 'stopPrice': '0.00', 'workingType': 'CONTRACT_PRICE', 'priceProtect': False, 'origType': 'MARKET', 'priceMatch': 'NONE', 'selfTradePreventionMode': 'EXPIRE_MAKER', 'goodTillDate': 0, 'updateTime': 1763738593856}
2025-11-21 20:54:45,774 - BinanceBot - INFO - SUCCESS: Connected to Binance USDT-M Futures Testnet
2025-11-21 20:54:45,777 - BinanceBot - ERROR - Limit order validation failed.
2025-11-21 20:55:43,656 - BinanceBot - ERROR - API error: APIError(code=-2015): Invalid API-key, IP, or permissions for action
2025-11-21 21:09:27,750 - BinanceBot - ERROR - API error: APIError(code=-2014): API-key format invalid.
2025-11-21 21:09:49,743 - BinanceBot - ERROR - API error: APIError(code=-2014): API-key format invalid.
2025-11-21 21:09:57,183 - BinanceBot - ERROR - API error: APIError(code=-2014): API-key format invalid.
2025-11-21 21:10:09,599 - BinanceBot - ERROR - API error: APIError(code=-2014): API-key format invalid.
2025-11-21 21:14:15,525 - BinanceBot - ERROR - API error: APIError(code=-2014): API-key format invalid.
2025-11-21 21:14:47,911 - BinanceBot - ERROR - API error: APIError(code=-2014): API-key format invalid.
2025-11-21 21:25:26,678 - BinanceBot - INFO - SUCCESS: Connected to Binance USDT-M Futures Testnet
2025-11-21 21:25:26,684 - BinanceBot - INFO - Placing market BUY order for 0.001 BTCUSDT...
2025-11-21 21:25:27,095 - BinanceBot - ERROR - ERROR placing market order: APIError(code=-4164): Order's notional must be no smaller than 100 (unless you choose reduce only).
2025-11-21 21:25:39,311 - BinanceBot - INFO - SUCCESS: Connected to Binance USDT-M Futures Testnet
2025-11-21 21:25:39,313 - BinanceBot - INFO - Placing market SELL order for 0.003 BTCUSDT...
2025-11-21 21:25:39,714 - BinanceBot - INFO - SUCCESS: Market order placed: {'orderId': 10514747217, 'symbol': 'BTCUSDT', 'status': 'NEW', 'clientOrderId': 'x-Cb7ytekJfd99f2f2301412f5a080c9', 'price': '0.00', 'avgPrice': '0.00', 'origQty': '0.003', 'executedQty': '0.000', 'cumQty': '0.000', 'cumQuote': '0.00000', 'timeInForce': 'GTC', 'type': 'MARKET', 'reduceOnly': False, 'closePosition': False, 'side': 'SELL', 'positionSide': 'BOTH', 'stopPrice': '0.00', 'workingType': 'CONTRACT_PRICE', 'priceProtect': False, 'origType': 'MARKET', 'priceMatch': 'NONE', 'selfTradePreventionMode': 'EXPIRE_MAKER', 'goodTillDate': 0, 'updateTime': 1763740539646}
2025-11-21 21:25:49,102 - BinanceBot - ERROR - API error: APIError(code=-2015): Invalid API-key, IP, or permissions for action
2025-11-21 21:26:15,322 - BinanceBot - ERROR - API error: APIError(code=-2015): Invalid API-key, IP, or permissions for action
2025-11-21 21:32:36,420 - BinanceBot - INFO - SUCCESS: Connected to Binance USDT-M Futures Testnet
2025-11-21 21:32:36,421 - BinanceBot - INFO - Placing market BUY order for 0.001 BTCUSDT...
2025-11-21 21:32:38,344 - BinanceBot - ERROR - ERROR placing market order: APIError(code=-4164): Order's notional must be no smaller than 100 (unless you choose reduce only).
2025-11-21 21:32:53,029 - BinanceBot - INFO - SUCCESS: Connected to Binance USDT-M Futures Testnet
2025-11-21 21:32:53,031 - BinanceBot - INFO - Placing market BUY order for 0.001 BTCUSDT...
2025-11-21 21:32:53,462 - BinanceBot - ERROR - ERROR placing market order: APIError(code=-4164): Order's notional must be no smaller than 100 (unless you choose reduce only).
2025-11-21 21:40:22,601 - BinanceBot - INFO - SUCCESS: Connected to Binance USDT-M Futures Testnet
2025-11-21 21:40:22,620 - BinanceBot - INFO - Placing limit SELL order for 0.001 BTCUSDT at price 50000.0...
2025-11-21 21:40:22,844 - BinanceBot - ERROR - ERROR placing limit order: APIError(code=-4024): Limit price can't be lower than 78800.03.
2025-11-21 21:46:49,589 - BinanceBot - INFO - SUCCESS: Connected to Binance USDT-M Futures Testnet
2025-11-21 21:46:49,590 - BinanceBot - INFO - Placing market BUY order for 0.001 BTCUSDT...
2025-11-21 21:46:49,967 - BinanceBot - ERROR - ERROR placing market order: APIError(code=-4164): Order's notional must be no smaller than 100 (unless you choose reduce only).
2025-11-21 22:16:04,064 - BinanceBot - INFO - SUCCESS: Connected to Binance USDT-M Futures Testnet
2025-11-21 22:16:04,067 - BinanceBot - INFO - Placing market BUY order for 0.001 BTCUSDT...
2025-11-21 22:16:04,513 - BinanceBot - ERROR - ERROR placing market order: APIError(code=-4164): Order's notional must be no smaller than 100 (unless you choose reduce only).
2025-11-22 16:21:24,745 - BinanceBot - ERROR - API error: APIError(code=-2015): Invalid API-key, IP, or permissions for action
